mode: set
github.com/krasnov23/guest-house-golang/internal/forms/errors.go:6.44,8.2 1 1
github.com/krasnov23/guest-house-golang/internal/forms/errors.go:11.42,13.18 2 1
github.com/krasnov23/guest-house-golang/internal/forms/errors.go:13.18,15.3 1 1
github.com/krasnov23/guest-house-golang/internal/forms/errors.go:17.2,17.14 1 1
github.com/krasnov23/guest-house-golang/internal/forms/forms.go:17.33,22.2 1 1
github.com/krasnov23/guest-house-golang/internal/forms/forms.go:24.43,25.31 1 1
github.com/krasnov23/guest-house-golang/internal/forms/forms.go:25.31,27.37 2 1
github.com/krasnov23/guest-house-golang/internal/forms/forms.go:27.37,29.4 1 1
github.com/krasnov23/guest-house-golang/internal/forms/forms.go:34.39,39.13 2 1
github.com/krasnov23/guest-house-golang/internal/forms/forms.go:39.13,42.3 2 1
github.com/krasnov23/guest-house-golang/internal/forms/forms.go:44.2,44.13 1 1
github.com/krasnov23/guest-house-golang/internal/forms/forms.go:48.52,50.21 2 1
github.com/krasnov23/guest-house-golang/internal/forms/forms.go:50.21,52.3 1 1
github.com/krasnov23/guest-house-golang/internal/forms/forms.go:55.38,56.40 1 1
github.com/krasnov23/guest-house-golang/internal/forms/forms.go:56.40,58.3 1 1
github.com/krasnov23/guest-house-golang/internal/forms/forms.go:61.29,63.2 1 1
github.com/krasnov23/guest-house-golang/internal/driver/driver.go:24.42,26.16 2 0
github.com/krasnov23/guest-house-golang/internal/driver/driver.go:26.16,27.13 1 0
github.com/krasnov23/guest-house-golang/internal/driver/driver.go:30.2,38.16 6 0
github.com/krasnov23/guest-house-golang/internal/driver/driver.go:38.16,40.3 1 0
github.com/krasnov23/guest-house-golang/internal/driver/driver.go:42.2,42.20 1 0
github.com/krasnov23/guest-house-golang/internal/driver/driver.go:46.30,48.16 2 0
github.com/krasnov23/guest-house-golang/internal/driver/driver.go:48.16,50.3 1 0
github.com/krasnov23/guest-house-golang/internal/driver/driver.go:51.2,51.12 1 0
github.com/krasnov23/guest-house-golang/internal/driver/driver.go:54.47,56.16 2 0
github.com/krasnov23/guest-house-golang/internal/driver/driver.go:56.16,58.3 1 0
github.com/krasnov23/guest-house-golang/internal/driver/driver.go:60.2,60.33 1 0
github.com/krasnov23/guest-house-golang/internal/driver/driver.go:60.33,62.3 1 0
github.com/krasnov23/guest-house-golang/internal/driver/driver.go:64.2,64.16 1 0
github.com/krasnov23/guest-house-golang/internal/repository/dbrepo/dbrepo.go:19.85,21.2 1 0
github.com/krasnov23/guest-house-golang/internal/repository/dbrepo/dbrepo.go:23.66,27.2 1 0
github.com/krasnov23/guest-house-golang/internal/repository/dbrepo/postgres.go:12.42,14.2 1 0
github.com/krasnov23/guest-house-golang/internal/repository/dbrepo/postgres.go:16.81,45.16 6 0
github.com/krasnov23/guest-house-golang/internal/repository/dbrepo/postgres.go:45.16,47.3 1 0
github.com/krasnov23/guest-house-golang/internal/repository/dbrepo/postgres.go:49.2,49.19 1 0
github.com/krasnov23/guest-house-golang/internal/repository/dbrepo/postgres.go:52.81,69.16 5 0
github.com/krasnov23/guest-house-golang/internal/repository/dbrepo/postgres.go:69.16,71.3 1 0
github.com/krasnov23/guest-house-golang/internal/repository/dbrepo/postgres.go:73.2,73.12 1 0
github.com/krasnov23/guest-house-golang/internal/repository/dbrepo/postgres.go:76.108,90.16 7 0
github.com/krasnov23/guest-house-golang/internal/repository/dbrepo/postgres.go:90.16,92.3 1 0
github.com/krasnov23/guest-house-golang/internal/repository/dbrepo/postgres.go:95.2,95.18 1 0
github.com/krasnov23/guest-house-golang/internal/repository/dbrepo/postgres.go:95.18,97.3 1 0
github.com/krasnov23/guest-house-golang/internal/repository/dbrepo/postgres.go:100.2,100.19 1 0
github.com/krasnov23/guest-house-golang/internal/repository/dbrepo/postgres.go:103.101,113.16 6 0
github.com/krasnov23/guest-house-golang/internal/repository/dbrepo/postgres.go:113.16,115.3 1 0
github.com/krasnov23/guest-house-golang/internal/repository/dbrepo/postgres.go:118.2,118.18 1 0
github.com/krasnov23/guest-house-golang/internal/repository/dbrepo/postgres.go:118.18,128.17 3 0
github.com/krasnov23/guest-house-golang/internal/repository/dbrepo/postgres.go:128.17,130.4 1 0
github.com/krasnov23/guest-house-golang/internal/repository/dbrepo/postgres.go:132.3,132.30 1 0
github.com/krasnov23/guest-house-golang/internal/repository/dbrepo/postgres.go:142.2,142.34 1 0
github.com/krasnov23/guest-house-golang/internal/repository/dbrepo/postgres.go:142.34,144.3 1 0
github.com/krasnov23/guest-house-golang/internal/repository/dbrepo/postgres.go:146.2,146.19 1 0
github.com/krasnov23/guest-house-golang/internal/repository/dbrepo/postgres.go:150.67,162.16 7 0
github.com/krasnov23/guest-house-golang/internal/repository/dbrepo/postgres.go:162.16,164.3 1 0
github.com/krasnov23/guest-house-golang/internal/repository/dbrepo/postgres.go:166.2,166.18 1 0
github.com/krasnov23/guest-house-golang/internal/repository/dbrepo/postgres.go:169.67,191.16 7 0
github.com/krasnov23/guest-house-golang/internal/repository/dbrepo/postgres.go:191.16,193.3 1 0
github.com/krasnov23/guest-house-golang/internal/repository/dbrepo/postgres.go:195.2,195.15 1 0
github.com/krasnov23/guest-house-golang/internal/repository/dbrepo/postgres.go:198.58,206.16 5 0
github.com/krasnov23/guest-house-golang/internal/repository/dbrepo/postgres.go:206.16,208.3 1 0
github.com/krasnov23/guest-house-golang/internal/repository/dbrepo/postgres.go:210.2,210.12 1 0
github.com/krasnov23/guest-house-golang/internal/repository/dbrepo/postgres.go:213.88,222.16 7 0
github.com/krasnov23/guest-house-golang/internal/repository/dbrepo/postgres.go:222.16,224.3 1 0
github.com/krasnov23/guest-house-golang/internal/repository/dbrepo/postgres.go:227.2,229.48 2 0
github.com/krasnov23/guest-house-golang/internal/repository/dbrepo/postgres.go:229.48,231.3 1 0
github.com/krasnov23/guest-house-golang/internal/repository/dbrepo/postgres.go:231.8,231.23 1 0
github.com/krasnov23/guest-house-golang/internal/repository/dbrepo/postgres.go:231.23,233.3 1 0
github.com/krasnov23/guest-house-golang/internal/repository/dbrepo/postgres.go:235.2,235.32 1 0
github.com/krasnov23/guest-house-golang/internal/repository/dbrepo/postgres.go:238.74,255.16 6 0
github.com/krasnov23/guest-house-golang/internal/repository/dbrepo/postgres.go:255.16,257.3 1 0
github.com/krasnov23/guest-house-golang/internal/repository/dbrepo/postgres.go:259.2,261.18 2 0
github.com/krasnov23/guest-house-golang/internal/repository/dbrepo/postgres.go:261.18,280.17 3 0
github.com/krasnov23/guest-house-golang/internal/repository/dbrepo/postgres.go:280.17,282.4 1 0
github.com/krasnov23/guest-house-golang/internal/repository/dbrepo/postgres.go:284.3,284.41 1 0
github.com/krasnov23/guest-house-golang/internal/repository/dbrepo/postgres.go:287.2,287.34 1 0
github.com/krasnov23/guest-house-golang/internal/repository/dbrepo/postgres.go:287.34,289.3 1 0
github.com/krasnov23/guest-house-golang/internal/repository/dbrepo/postgres.go:291.2,291.26 1 0
github.com/krasnov23/guest-house-golang/internal/repository/dbrepo/postgres.go:294.81,326.16 7 0
github.com/krasnov23/guest-house-golang/internal/repository/dbrepo/postgres.go:326.16,328.3 1 0
github.com/krasnov23/guest-house-golang/internal/repository/dbrepo/postgres.go:330.2,330.17 1 0
github.com/krasnov23/guest-house-golang/internal/repository/dbrepo/postgres.go:333.77,351.16 6 0
github.com/krasnov23/guest-house-golang/internal/repository/dbrepo/postgres.go:351.16,353.3 1 0
github.com/krasnov23/guest-house-golang/internal/repository/dbrepo/postgres.go:355.2,357.18 2 0
github.com/krasnov23/guest-house-golang/internal/repository/dbrepo/postgres.go:357.18,375.17 3 0
github.com/krasnov23/guest-house-golang/internal/repository/dbrepo/postgres.go:375.17,377.4 1 0
github.com/krasnov23/guest-house-golang/internal/repository/dbrepo/postgres.go:379.3,379.41 1 0
github.com/krasnov23/guest-house-golang/internal/repository/dbrepo/postgres.go:382.2,382.34 1 0
github.com/krasnov23/guest-house-golang/internal/repository/dbrepo/postgres.go:382.34,384.3 1 0
github.com/krasnov23/guest-house-golang/internal/repository/dbrepo/postgres.go:386.2,386.26 1 0
github.com/krasnov23/guest-house-golang/internal/repository/dbrepo/postgres.go:389.72,397.16 5 0
github.com/krasnov23/guest-house-golang/internal/repository/dbrepo/postgres.go:397.16,399.3 1 0
github.com/krasnov23/guest-house-golang/internal/repository/dbrepo/postgres.go:401.2,401.12 1 0
github.com/krasnov23/guest-house-golang/internal/repository/dbrepo/postgres.go:404.58,412.16 5 0
github.com/krasnov23/guest-house-golang/internal/repository/dbrepo/postgres.go:412.16,414.3 1 0
github.com/krasnov23/guest-house-golang/internal/repository/dbrepo/postgres.go:416.2,416.12 1 0
github.com/krasnov23/guest-house-golang/internal/repository/dbrepo/postgres.go:420.85,428.16 5 0
github.com/krasnov23/guest-house-golang/internal/repository/dbrepo/postgres.go:428.16,430.3 1 0
github.com/krasnov23/guest-house-golang/internal/repository/dbrepo/postgres.go:432.2,432.12 1 0
github.com/krasnov23/guest-house-golang/internal/repository/dbrepo/postgres.go:435.60,445.16 6 0
github.com/krasnov23/guest-house-golang/internal/repository/dbrepo/postgres.go:445.16,447.3 1 0
github.com/krasnov23/guest-house-golang/internal/repository/dbrepo/postgres.go:449.2,451.18 2 0
github.com/krasnov23/guest-house-golang/internal/repository/dbrepo/postgres.go:451.18,460.17 3 0
github.com/krasnov23/guest-house-golang/internal/repository/dbrepo/postgres.go:460.17,462.4 1 0
github.com/krasnov23/guest-house-golang/internal/repository/dbrepo/postgres.go:464.3,464.27 1 0
github.com/krasnov23/guest-house-golang/internal/repository/dbrepo/postgres.go:467.2,467.34 1 0
github.com/krasnov23/guest-house-golang/internal/repository/dbrepo/postgres.go:467.34,469.3 1 0
github.com/krasnov23/guest-house-golang/internal/repository/dbrepo/postgres.go:471.2,471.19 1 0
github.com/krasnov23/guest-house-golang/internal/repository/dbrepo/postgres.go:474.123,485.16 6 0
github.com/krasnov23/guest-house-golang/internal/repository/dbrepo/postgres.go:485.16,487.3 1 0
github.com/krasnov23/guest-house-golang/internal/repository/dbrepo/postgres.go:489.2,491.18 2 0
github.com/krasnov23/guest-house-golang/internal/repository/dbrepo/postgres.go:491.18,503.17 3 0
github.com/krasnov23/guest-house-golang/internal/repository/dbrepo/postgres.go:503.17,505.4 1 0
github.com/krasnov23/guest-house-golang/internal/repository/dbrepo/postgres.go:507.3,507.41 1 0
github.com/krasnov23/guest-house-golang/internal/repository/dbrepo/postgres.go:510.2,510.34 1 0
github.com/krasnov23/guest-house-golang/internal/repository/dbrepo/postgres.go:510.34,512.3 1 0
github.com/krasnov23/guest-house-golang/internal/repository/dbrepo/postgres.go:514.2,514.26 1 0
github.com/krasnov23/guest-house-golang/internal/repository/dbrepo/postgres.go:517.80,525.16 5 0
github.com/krasnov23/guest-house-golang/internal/repository/dbrepo/postgres.go:525.16,528.3 2 0
github.com/krasnov23/guest-house-golang/internal/repository/dbrepo/postgres.go:530.2,530.12 1 0
github.com/krasnov23/guest-house-golang/internal/repository/dbrepo/postgres.go:534.56,542.16 5 0
github.com/krasnov23/guest-house-golang/internal/repository/dbrepo/postgres.go:542.16,545.3 2 0
github.com/krasnov23/guest-house-golang/internal/repository/dbrepo/postgres.go:547.2,547.12 1 0
github.com/krasnov23/guest-house-golang/internal/repository/dbrepo/test-repo.go:9.38,11.2 1 0
github.com/krasnov23/guest-house-golang/internal/repository/dbrepo/test-repo.go:13.77,14.21 1 0
github.com/krasnov23/guest-house-golang/internal/repository/dbrepo/test-repo.go:14.21,16.3 1 0
github.com/krasnov23/guest-house-golang/internal/repository/dbrepo/test-repo.go:18.2,18.15 1 0
github.com/krasnov23/guest-house-golang/internal/repository/dbrepo/test-repo.go:21.77,22.20 1 0
github.com/krasnov23/guest-house-golang/internal/repository/dbrepo/test-repo.go:22.20,24.3 1 0
github.com/krasnov23/guest-house-golang/internal/repository/dbrepo/test-repo.go:26.2,26.12 1 0
github.com/krasnov23/guest-house-golang/internal/repository/dbrepo/test-repo.go:29.104,31.2 1 0
github.com/krasnov23/guest-house-golang/internal/repository/dbrepo/test-repo.go:33.97,36.2 2 0
github.com/krasnov23/guest-house-golang/internal/repository/dbrepo/test-repo.go:38.63,41.12 2 0
github.com/krasnov23/guest-house-golang/internal/repository/dbrepo/test-repo.go:41.12,43.3 1 0
github.com/krasnov23/guest-house-golang/internal/repository/dbrepo/test-repo.go:45.2,45.18 1 0
github.com/krasnov23/guest-house-golang/internal/repository/dbrepo/test-repo.go:48.67,52.2 2 0
github.com/krasnov23/guest-house-golang/internal/repository/dbrepo/test-repo.go:54.57,56.2 1 0
github.com/krasnov23/guest-house-golang/internal/repository/dbrepo/test-repo.go:58.80,60.2 1 0
github.com/krasnov23/guest-house-golang/internal/repository/dbrepo/test-repo.go:62.70,65.2 2 0
github.com/krasnov23/guest-house-golang/internal/repository/dbrepo/test-repo.go:67.73,70.2 2 0
github.com/krasnov23/guest-house-golang/internal/repository/dbrepo/test-repo.go:72.77,75.2 2 0
github.com/krasnov23/guest-house-golang/internal/repository/dbrepo/test-repo.go:77.68,79.2 1 0
github.com/krasnov23/guest-house-golang/internal/repository/dbrepo/test-repo.go:81.54,83.2 1 0
github.com/krasnov23/guest-house-golang/internal/repository/dbrepo/test-repo.go:85.81,87.2 1 0
github.com/krasnov23/guest-house-golang/internal/repository/dbrepo/test-repo.go:89.56,93.2 2 0
github.com/krasnov23/guest-house-golang/internal/repository/dbrepo/test-repo.go:95.119,99.2 2 0
github.com/krasnov23/guest-house-golang/internal/repository/dbrepo/test-repo.go:101.76,103.2 1 0
github.com/krasnov23/guest-house-golang/internal/repository/dbrepo/test-repo.go:105.52,107.2 1 0
github.com/krasnov23/guest-house-golang/internal/render/render.go:28.39,30.2 1 1
github.com/krasnov23/guest-house-golang/internal/render/render.go:32.36,34.2 1 0
github.com/krasnov23/guest-house-golang/internal/render/render.go:36.31,40.28 3 0
github.com/krasnov23/guest-house-golang/internal/render/render.go:40.28,42.3 1 0
github.com/krasnov23/guest-house-golang/internal/render/render.go:44.2,44.14 1 0
github.com/krasnov23/guest-house-golang/internal/render/render.go:47.24,49.2 1 0
github.com/krasnov23/guest-house-golang/internal/render/render.go:51.47,53.2 1 0
github.com/krasnov23/guest-house-golang/internal/render/render.go:56.84,66.48 5 1
github.com/krasnov23/guest-house-golang/internal/render/render.go:66.48,68.3 1 0
github.com/krasnov23/guest-house-golang/internal/render/render.go:70.2,70.11 1 1
github.com/krasnov23/guest-house-golang/internal/render/render.go:74.99,81.18 2 1
github.com/krasnov23/guest-house-golang/internal/render/render.go:81.18,84.3 1 1
github.com/krasnov23/guest-house-golang/internal/render/render.go:84.8,86.3 1 0
github.com/krasnov23/guest-house-golang/internal/render/render.go:89.2,90.9 2 1
github.com/krasnov23/guest-house-golang/internal/render/render.go:90.9,95.3 1 1
github.com/krasnov23/guest-house-golang/internal/render/render.go:97.2,107.16 5 1
github.com/krasnov23/guest-house-golang/internal/render/render.go:107.16,109.3 1 0
github.com/krasnov23/guest-house-golang/internal/render/render.go:111.2,111.12 1 1
github.com/krasnov23/guest-house-golang/internal/render/render.go:115.67,120.16 3 1
github.com/krasnov23/guest-house-golang/internal/render/render.go:120.16,122.3 1 0
github.com/krasnov23/guest-house-golang/internal/render/render.go:124.2,124.29 1 1
github.com/krasnov23/guest-house-golang/internal/render/render.go:124.29,130.17 3 1
github.com/krasnov23/guest-house-golang/internal/render/render.go:130.17,132.4 1 0
github.com/krasnov23/guest-house-golang/internal/render/render.go:134.3,135.17 2 1
github.com/krasnov23/guest-house-golang/internal/render/render.go:135.17,137.4 1 0
github.com/krasnov23/guest-house-golang/internal/render/render.go:139.3,139.23 1 1
github.com/krasnov23/guest-house-golang/internal/render/render.go:139.23,141.18 2 1
github.com/krasnov23/guest-house-golang/internal/render/render.go:141.18,143.5 1 0
github.com/krasnov23/guest-house-golang/internal/render/render.go:146.3,146.21 1 1
github.com/krasnov23/guest-house-golang/internal/render/render.go:149.2,149.21 1 1
