mode: set
github.com/krasnov23/guest-house-golang/internal/render/render.go:22.40,24.2 1 1
github.com/krasnov23/guest-house-golang/internal/render/render.go:27.84,36.2 5 1
github.com/krasnov23/guest-house-golang/internal/render/render.go:39.105,46.18 2 1
github.com/krasnov23/guest-house-golang/internal/render/render.go:46.18,49.3 1 1
github.com/krasnov23/guest-house-golang/internal/render/render.go:49.8,51.3 1 0
github.com/krasnov23/guest-house-golang/internal/render/render.go:54.2,55.9 2 1
github.com/krasnov23/guest-house-golang/internal/render/render.go:55.9,60.3 1 1
github.com/krasnov23/guest-house-golang/internal/render/render.go:62.2,72.16 5 1
github.com/krasnov23/guest-house-golang/internal/render/render.go:72.16,74.3 1 0
github.com/krasnov23/guest-house-golang/internal/render/render.go:76.2,76.12 1 1
github.com/krasnov23/guest-house-golang/internal/render/render.go:80.67,85.16 3 1
github.com/krasnov23/guest-house-golang/internal/render/render.go:85.16,87.3 1 0
github.com/krasnov23/guest-house-golang/internal/render/render.go:89.2,89.29 1 1
github.com/krasnov23/guest-house-golang/internal/render/render.go:89.29,95.17 3 1
github.com/krasnov23/guest-house-golang/internal/render/render.go:95.17,97.4 1 0
github.com/krasnov23/guest-house-golang/internal/render/render.go:99.3,100.17 2 1
github.com/krasnov23/guest-house-golang/internal/render/render.go:100.17,102.4 1 0
github.com/krasnov23/guest-house-golang/internal/render/render.go:104.3,104.23 1 1
github.com/krasnov23/guest-house-golang/internal/render/render.go:104.23,106.18 2 1
github.com/krasnov23/guest-house-golang/internal/render/render.go:106.18,108.5 1 0
github.com/krasnov23/guest-house-golang/internal/render/render.go:111.3,111.21 1 1
github.com/krasnov23/guest-house-golang/internal/render/render.go:114.2,114.21 1 1
