mode: set
bookings-udemy/internal/handlers/handlers.go:27.64,32.2 1 0
bookings-udemy/internal/handlers/handlers.go:34.53,39.2 1 1
bookings-udemy/internal/handlers/handlers.go:41.32,43.2 1 1
bookings-udemy/internal/handlers/handlers.go:46.67,53.16 3 1
bookings-udemy/internal/handlers/handlers.go:53.16,55.3 1 0
bookings-udemy/internal/handlers/handlers.go:60.68,72.2 5 1
bookings-udemy/internal/handlers/handlers.go:74.74,77.9 2 1
bookings-udemy/internal/handlers/handlers.go:77.9,81.3 3 1
bookings-udemy/internal/handlers/handlers.go:83.2,85.16 2 1
bookings-udemy/internal/handlers/handlers.go:85.16,89.3 3 1
bookings-udemy/internal/handlers/handlers.go:91.2,118.4 10 1
bookings-udemy/internal/handlers/handlers.go:121.78,129.16 2 1
bookings-udemy/internal/handlers/handlers.go:129.16,134.3 3 1
bookings-udemy/internal/handlers/handlers.go:136.2,142.16 5 1
bookings-udemy/internal/handlers/handlers.go:142.16,146.3 3 1
bookings-udemy/internal/handlers/handlers.go:148.2,149.16 2 1
bookings-udemy/internal/handlers/handlers.go:149.16,153.3 3 1
bookings-udemy/internal/handlers/handlers.go:155.2,156.16 2 1
bookings-udemy/internal/handlers/handlers.go:156.16,160.3 3 1
bookings-udemy/internal/handlers/handlers.go:177.2,194.19 6 1
bookings-udemy/internal/handlers/handlers.go:194.19,205.3 5 1
bookings-udemy/internal/handlers/handlers.go:207.2,208.16 2 1
bookings-udemy/internal/handlers/handlers.go:208.16,212.3 3 1
bookings-udemy/internal/handlers/handlers.go:214.2,226.16 4 1
bookings-udemy/internal/handlers/handlers.go:226.16,230.3 3 1
bookings-udemy/internal/handlers/handlers.go:235.2,238.66 2 1
bookings-udemy/internal/handlers/handlers.go:242.71,244.2 1 1
bookings-udemy/internal/handlers/handlers.go:246.69,248.2 1 1
bookings-udemy/internal/handlers/handlers.go:250.75,252.2 1 1
bookings-udemy/internal/handlers/handlers.go:254.70,256.2 1 1
bookings-udemy/internal/handlers/handlers.go:258.81,263.9 2 0
bookings-udemy/internal/handlers/handlers.go:263.9,268.3 4 0
bookings-udemy/internal/handlers/handlers.go:270.2,284.4 9 0
bookings-udemy/internal/handlers/handlers.go:290.79,298.16 5 0
bookings-udemy/internal/handlers/handlers.go:298.16,301.3 2 0
bookings-udemy/internal/handlers/handlers.go:303.2,305.16 2 0
bookings-udemy/internal/handlers/handlers.go:305.16,308.3 2 0
bookings-udemy/internal/handlers/handlers.go:310.2,312.16 2 0
bookings-udemy/internal/handlers/handlers.go:312.16,315.3 2 0
bookings-udemy/internal/handlers/handlers.go:317.2,317.26 1 0
bookings-udemy/internal/handlers/handlers.go:317.26,319.3 1 0
bookings-udemy/internal/handlers/handlers.go:322.2,322.21 1 0
bookings-udemy/internal/handlers/handlers.go:322.21,326.3 3 0
bookings-udemy/internal/handlers/handlers.go:328.2,342.4 5 0
bookings-udemy/internal/handlers/handlers.go:354.79,377.16 10 0
bookings-udemy/internal/handlers/handlers.go:377.16,380.3 2 0
bookings-udemy/internal/handlers/handlers.go:382.2,387.16 4 0
bookings-udemy/internal/handlers/handlers.go:387.16,389.3 1 0
bookings-udemy/internal/handlers/handlers.go:392.73,397.16 2 0
bookings-udemy/internal/handlers/handlers.go:397.16,400.3 2 0
bookings-udemy/internal/handlers/handlers.go:402.2,404.9 2 0
bookings-udemy/internal/handlers/handlers.go:404.9,407.3 2 0
bookings-udemy/internal/handlers/handlers.go:409.2,413.63 3 0
bookings-udemy/internal/handlers/handlers.go:416.71,423.16 4 0
bookings-udemy/internal/handlers/handlers.go:423.16,426.3 2 0
bookings-udemy/internal/handlers/handlers.go:428.2,434.16 4 0
bookings-udemy/internal/handlers/handlers.go:434.16,437.3 2 0
bookings-udemy/internal/handlers/handlers.go:439.2,441.16 2 0
bookings-udemy/internal/handlers/handlers.go:441.16,444.3 2 0
bookings-udemy/internal/handlers/handlers.go:446.2,448.16 2 0
bookings-udemy/internal/handlers/handlers.go:448.16,451.3 2 0
bookings-udemy/internal/handlers/handlers.go:453.2,460.63 6 0
