mode: set
github.com/krasnov23/guest-house-golang/internal/handlers/handlers.go:30.64,35.2 1 0
github.com/krasnov23/guest-house-golang/internal/handlers/handlers.go:37.53,42.2 1 1
github.com/krasnov23/guest-house-golang/internal/handlers/handlers.go:44.32,46.2 1 1
github.com/krasnov23/guest-house-golang/internal/handlers/handlers.go:49.67,56.16 3 1
github.com/krasnov23/guest-house-golang/internal/handlers/handlers.go:56.16,58.3 1 0
github.com/krasnov23/guest-house-golang/internal/handlers/handlers.go:63.68,75.2 5 1
github.com/krasnov23/guest-house-golang/internal/handlers/handlers.go:90.74,100.9 2 1
github.com/krasnov23/guest-house-golang/internal/handlers/handlers.go:100.9,105.3 3 1
github.com/krasnov23/guest-house-golang/internal/handlers/handlers.go:107.2,109.16 2 1
github.com/krasnov23/guest-house-golang/internal/handlers/handlers.go:109.16,113.3 3 1
github.com/krasnov23/guest-house-golang/internal/handlers/handlers.go:115.2,142.4 10 1
github.com/krasnov23/guest-house-golang/internal/handlers/handlers.go:145.78,153.16 2 1
github.com/krasnov23/guest-house-golang/internal/handlers/handlers.go:153.16,158.3 3 1
github.com/krasnov23/guest-house-golang/internal/handlers/handlers.go:160.2,166.16 5 1
github.com/krasnov23/guest-house-golang/internal/handlers/handlers.go:166.16,170.3 3 1
github.com/krasnov23/guest-house-golang/internal/handlers/handlers.go:172.2,173.16 2 1
github.com/krasnov23/guest-house-golang/internal/handlers/handlers.go:173.16,177.3 3 1
github.com/krasnov23/guest-house-golang/internal/handlers/handlers.go:179.2,180.16 2 1
github.com/krasnov23/guest-house-golang/internal/handlers/handlers.go:180.16,184.3 3 1
github.com/krasnov23/guest-house-golang/internal/handlers/handlers.go:186.2,203.19 6 1
github.com/krasnov23/guest-house-golang/internal/handlers/handlers.go:203.19,214.3 5 1
github.com/krasnov23/guest-house-golang/internal/handlers/handlers.go:216.2,217.16 2 1
github.com/krasnov23/guest-house-golang/internal/handlers/handlers.go:217.16,221.3 3 1
github.com/krasnov23/guest-house-golang/internal/handlers/handlers.go:223.2,254.16 7 1
github.com/krasnov23/guest-house-golang/internal/handlers/handlers.go:254.16,258.3 3 1
github.com/krasnov23/guest-house-golang/internal/handlers/handlers.go:263.2,266.66 2 1
github.com/krasnov23/guest-house-golang/internal/handlers/handlers.go:270.71,272.2 1 1
github.com/krasnov23/guest-house-golang/internal/handlers/handlers.go:274.69,276.2 1 1
github.com/krasnov23/guest-house-golang/internal/handlers/handlers.go:278.75,280.2 1 1
github.com/krasnov23/guest-house-golang/internal/handlers/handlers.go:282.70,284.2 1 1
github.com/krasnov23/guest-house-golang/internal/handlers/handlers.go:286.81,291.9 2 0
github.com/krasnov23/guest-house-golang/internal/handlers/handlers.go:291.9,296.3 3 0
github.com/krasnov23/guest-house-golang/internal/handlers/handlers.go:298.2,312.4 9 0
github.com/krasnov23/guest-house-golang/internal/handlers/handlers.go:318.79,326.16 5 0
github.com/krasnov23/guest-house-golang/internal/handlers/handlers.go:326.16,329.3 2 0
github.com/krasnov23/guest-house-golang/internal/handlers/handlers.go:331.2,333.16 2 0
github.com/krasnov23/guest-house-golang/internal/handlers/handlers.go:333.16,336.3 2 0
github.com/krasnov23/guest-house-golang/internal/handlers/handlers.go:338.2,340.16 2 0
github.com/krasnov23/guest-house-golang/internal/handlers/handlers.go:340.16,343.3 2 0
github.com/krasnov23/guest-house-golang/internal/handlers/handlers.go:345.2,345.26 1 0
github.com/krasnov23/guest-house-golang/internal/handlers/handlers.go:345.26,347.3 1 0
github.com/krasnov23/guest-house-golang/internal/handlers/handlers.go:350.2,350.21 1 0
github.com/krasnov23/guest-house-golang/internal/handlers/handlers.go:350.21,354.3 3 0
github.com/krasnov23/guest-house-golang/internal/handlers/handlers.go:356.2,370.4 5 0
github.com/krasnov23/guest-house-golang/internal/handlers/handlers.go:382.79,386.16 2 1
github.com/krasnov23/guest-house-golang/internal/handlers/handlers.go:386.16,403.3 5 0
github.com/krasnov23/guest-house-golang/internal/handlers/handlers.go:405.2,416.16 8 1
github.com/krasnov23/guest-house-golang/internal/handlers/handlers.go:416.16,429.3 5 0
github.com/krasnov23/guest-house-golang/internal/handlers/handlers.go:431.2,441.16 3 1
github.com/krasnov23/guest-house-golang/internal/handlers/handlers.go:441.16,444.3 2 0
github.com/krasnov23/guest-house-golang/internal/handlers/handlers.go:446.2,451.16 4 1
github.com/krasnov23/guest-house-golang/internal/handlers/handlers.go:451.16,453.3 1 0
github.com/krasnov23/guest-house-golang/internal/handlers/handlers.go:456.73,461.16 2 1
github.com/krasnov23/guest-house-golang/internal/handlers/handlers.go:461.16,466.3 4 1
github.com/krasnov23/guest-house-golang/internal/handlers/handlers.go:468.2,470.9 2 1
github.com/krasnov23/guest-house-golang/internal/handlers/handlers.go:470.9,475.3 4 1
github.com/krasnov23/guest-house-golang/internal/handlers/handlers.go:477.2,481.63 3 1
github.com/krasnov23/guest-house-golang/internal/handlers/handlers.go:484.71,491.16 4 0
github.com/krasnov23/guest-house-golang/internal/handlers/handlers.go:491.16,494.3 2 0
github.com/krasnov23/guest-house-golang/internal/handlers/handlers.go:496.2,502.16 4 0
github.com/krasnov23/guest-house-golang/internal/handlers/handlers.go:502.16,505.3 2 0
github.com/krasnov23/guest-house-golang/internal/handlers/handlers.go:507.2,509.16 2 0
github.com/krasnov23/guest-house-golang/internal/handlers/handlers.go:509.16,512.3 2 0
github.com/krasnov23/guest-house-golang/internal/handlers/handlers.go:514.2,516.16 2 0
github.com/krasnov23/guest-house-golang/internal/handlers/handlers.go:516.16,519.3 2 0
github.com/krasnov23/guest-house-golang/internal/handlers/handlers.go:521.2,528.63 6 0
github.com/krasnov23/guest-house-golang/internal/handlers/handlers.go:533.72,542.2 1 0
github.com/krasnov23/guest-house-golang/internal/handlers/handlers.go:545.76,550.16 3 0
github.com/krasnov23/guest-house-golang/internal/handlers/handlers.go:550.16,552.3 1 0
github.com/krasnov23/guest-house-golang/internal/handlers/handlers.go:554.2,560.19 5 0
github.com/krasnov23/guest-house-golang/internal/handlers/handlers.go:560.19,565.3 2 0
github.com/krasnov23/guest-house-golang/internal/handlers/handlers.go:567.2,569.16 2 0
github.com/krasnov23/guest-house-golang/internal/handlers/handlers.go:569.16,574.3 4 0
github.com/krasnov23/guest-house-golang/internal/handlers/handlers.go:576.2,578.47 3 0
github.com/krasnov23/guest-house-golang/internal/handlers/handlers.go:582.69,592.2 3 0
github.com/krasnov23/guest-house-golang/internal/handlers/handlers.go:594.77,596.2 1 0
github.com/krasnov23/guest-house-golang/internal/handlers/handlers.go:598.83,602.16 2 0
github.com/krasnov23/guest-house-golang/internal/handlers/handlers.go:602.16,605.3 2 0
github.com/krasnov23/guest-house-golang/internal/handlers/handlers.go:607.2,612.4 3 0
github.com/krasnov23/guest-house-golang/internal/handlers/handlers.go:615.83,618.16 2 0
github.com/krasnov23/guest-house-golang/internal/handlers/handlers.go:618.16,621.3 2 0
github.com/krasnov23/guest-house-golang/internal/handlers/handlers.go:623.2,628.4 3 0
github.com/krasnov23/guest-house-golang/internal/handlers/handlers.go:631.83,638.16 3 0
github.com/krasnov23/guest-house-golang/internal/handlers/handlers.go:638.16,641.3 2 0
github.com/krasnov23/guest-house-golang/internal/handlers/handlers.go:643.2,656.16 9 0
github.com/krasnov23/guest-house-golang/internal/handlers/handlers.go:656.16,659.3 2 0
github.com/krasnov23/guest-house-golang/internal/handlers/handlers.go:661.2,668.4 3 0
github.com/krasnov23/guest-house-golang/internal/handlers/handlers.go:671.87,674.16 2 0
github.com/krasnov23/guest-house-golang/internal/handlers/handlers.go:674.16,677.3 2 0
github.com/krasnov23/guest-house-golang/internal/handlers/handlers.go:680.2,684.16 3 0
github.com/krasnov23/guest-house-golang/internal/handlers/handlers.go:684.16,687.3 2 0
github.com/krasnov23/guest-house-golang/internal/handlers/handlers.go:689.2,695.16 5 0
github.com/krasnov23/guest-house-golang/internal/handlers/handlers.go:695.16,698.3 2 0
github.com/krasnov23/guest-house-golang/internal/handlers/handlers.go:700.2,706.16 6 0
github.com/krasnov23/guest-house-golang/internal/handlers/handlers.go:706.16,709.3 2 0
github.com/krasnov23/guest-house-golang/internal/handlers/handlers.go:711.2,716.16 4 0
github.com/krasnov23/guest-house-golang/internal/handlers/handlers.go:716.16,718.3 1 0
github.com/krasnov23/guest-house-golang/internal/handlers/handlers.go:718.8,720.3 1 0
github.com/krasnov23/guest-house-golang/internal/handlers/handlers.go:724.88,730.34 2 0
github.com/krasnov23/guest-house-golang/internal/handlers/handlers.go:730.34,732.17 2 0
github.com/krasnov23/guest-house-golang/internal/handlers/handlers.go:732.17,735.4 2 0
github.com/krasnov23/guest-house-golang/internal/handlers/handlers.go:737.3,738.17 2 0
github.com/krasnov23/guest-house-golang/internal/handlers/handlers.go:738.17,741.4 2 0
github.com/krasnov23/guest-house-golang/internal/handlers/handlers.go:743.3,743.68 1 0
github.com/krasnov23/guest-house-golang/internal/handlers/handlers.go:746.2,779.16 23 0
github.com/krasnov23/guest-house-golang/internal/handlers/handlers.go:779.16,782.3 2 0
github.com/krasnov23/guest-house-golang/internal/handlers/handlers.go:784.2,786.26 2 0
github.com/krasnov23/guest-house-golang/internal/handlers/handlers.go:786.26,791.80 3 0
github.com/krasnov23/guest-house-golang/internal/handlers/handlers.go:791.80,794.4 2 0
github.com/krasnov23/guest-house-golang/internal/handlers/handlers.go:796.3,798.17 2 0
github.com/krasnov23/guest-house-golang/internal/handlers/handlers.go:798.17,801.4 2 0
github.com/krasnov23/guest-house-golang/internal/handlers/handlers.go:803.3,803.34 1 0
github.com/krasnov23/guest-house-golang/internal/handlers/handlers.go:803.34,804.27 1 0
github.com/krasnov23/guest-house-golang/internal/handlers/handlers.go:804.27,806.79 1 0
github.com/krasnov23/guest-house-golang/internal/handlers/handlers.go:806.79,808.6 1 0
github.com/krasnov23/guest-house-golang/internal/handlers/handlers.go:809.10,811.5 1 0
github.com/krasnov23/guest-house-golang/internal/handlers/handlers.go:814.3,814.42 1 0
github.com/krasnov23/guest-house-golang/internal/handlers/handlers.go:814.42,815.18 1 0
github.com/krasnov23/guest-house-golang/internal/handlers/handlers.go:815.18,817.5 1 0
github.com/krasnov23/guest-house-golang/internal/handlers/handlers.go:820.3,823.78 3 0
github.com/krasnov23/guest-house-golang/internal/handlers/handlers.go:826.2,830.4 1 0
github.com/krasnov23/guest-house-golang/internal/handlers/handlers.go:833.92,836.16 2 0
github.com/krasnov23/guest-house-golang/internal/handlers/handlers.go:836.16,839.3 2 0
github.com/krasnov23/guest-house-golang/internal/handlers/handlers.go:847.2,852.16 4 0
github.com/krasnov23/guest-house-golang/internal/handlers/handlers.go:852.16,855.3 2 0
github.com/krasnov23/guest-house-golang/internal/handlers/handlers.go:857.2,859.26 2 0
github.com/krasnov23/guest-house-golang/internal/handlers/handlers.go:859.26,866.35 2 0
github.com/krasnov23/guest-house-golang/internal/handlers/handlers.go:866.35,867.35 1 0
github.com/krasnov23/guest-house-golang/internal/handlers/handlers.go:867.35,869.16 1 0
github.com/krasnov23/guest-house-golang/internal/handlers/handlers.go:869.16,871.66 1 0
github.com/krasnov23/guest-house-golang/internal/handlers/handlers.go:871.66,875.21 2 0
github.com/krasnov23/guest-house-golang/internal/handlers/handlers.go:875.21,877.8 1 0
github.com/krasnov23/guest-house-golang/internal/handlers/handlers.go:885.2,885.34 1 0
github.com/krasnov23/guest-house-golang/internal/handlers/handlers.go:885.34,886.44 1 0
github.com/krasnov23/guest-house-golang/internal/handlers/handlers.go:886.44,893.18 5 0
github.com/krasnov23/guest-house-golang/internal/handlers/handlers.go:893.18,895.5 1 0
github.com/krasnov23/guest-house-golang/internal/handlers/handlers.go:899.2,901.110 2 0
github.com/krasnov23/guest-house-golang/internal/handlers/handlers.go:904.86,910.16 4 0
github.com/krasnov23/guest-house-golang/internal/handlers/handlers.go:910.16,912.3 1 0
github.com/krasnov23/guest-house-golang/internal/handlers/handlers.go:914.2,919.16 4 0
github.com/krasnov23/guest-house-golang/internal/handlers/handlers.go:919.16,921.3 1 0
github.com/krasnov23/guest-house-golang/internal/handlers/handlers.go:921.8,923.3 1 0
github.com/krasnov23/guest-house-golang/internal/handlers/handlers.go:927.85,938.16 7 0
github.com/krasnov23/guest-house-golang/internal/handlers/handlers.go:938.16,940.3 1 0
github.com/krasnov23/guest-house-golang/internal/handlers/handlers.go:940.8,942.3 1 0
github.com/krasnov23/guest-house-golang/internal/handlers/handlers.go:944.2,944.86 1 0
